<?xml version="1.0" encoding="UTF-8"?>
<testng-results ignored="0" total="1" passed="0" failed="1" skipped="0">
  <reporter-output>
    <line>
      <![CDATA[Launching coverfox application]]>
    </line>
    <line>
      <![CDATA[Waiting...]]>
    </line>
    <line>
      <![CDATA[Clicking on gender]]>
    </line>
    <line>
      <![CDATA[Clicking on Next button]]>
    </line>
    <line>
      <![CDATA[Selecting Age]]>
    </line>
    <line>
      <![CDATA[Clicking on Next button]]>
    </line>
    <line>
      <![CDATA[Entering Pincode]]>
    </line>
    <line>
      <![CDATA[Entering Mobile No.]]>
    </line>
    <line>
      <![CDATA[Clicking on Continue Button]]>
    </line>
    <line>
      <![CDATA[Clicking on Next button]]>
    </line>
    <line>
      <![CDATA[Clicking on Next button]]>
    </line>
    <line>
      <![CDATA[Clicking on Continue Button]]>
    </line>
    <line>
      <![CDATA[Closing appication]]>
    </line>
  </reporter-output>
  <suite started-at="2024-10-14T17:48:13 IST" name="Default suite" finished-at="2024-10-14T17:48:37 IST" duration-ms="24320">
    <groups>
    </groups>
    <test started-at="2024-10-14T17:48:13 IST" name="Default test" finished-at="2024-10-14T17:48:37 IST" duration-ms="24320">
      <class name="coverFox_TestClass.TC123_CoverFox_ValidateMembersAfterUpdate">
        <test-method is-config="true" signature="openApplication()[pri:0, instance:coverFox_TestClass.TC123_CoverFox_ValidateMembersAfterUpdate@233795b6]" started-at="2024-10-14T17:48:13 IST" name="openApplication" finished-at="2024-10-14T17:48:18 IST" duration-ms="5133" status="PASS">
          <reporter-output>
            <line>
              <![CDATA[Launching coverfox application]]>
            </line>
            <line>
              <![CDATA[Waiting...]]>
            </line>
          </reporter-output>
        </test-method> <!-- openApplication -->
        <test-method is-config="true" signature="enterDetails()[pri:0, instance:coverFox_TestClass.TC123_CoverFox_ValidateMembersAfterUpdate@233795b6]" started-at="2024-10-14T17:48:18 IST" name="enterDetails" finished-at="2024-10-14T17:48:30 IST" duration-ms="11583" status="PASS">
          <reporter-output>
            <line>
              <![CDATA[Clicking on gender]]>
            </line>
            <line>
              <![CDATA[Clicking on Next button]]>
            </line>
            <line>
              <![CDATA[Selecting Age]]>
            </line>
            <line>
              <![CDATA[Clicking on Next button]]>
            </line>
            <line>
              <![CDATA[Entering Pincode]]>
            </line>
            <line>
              <![CDATA[Entering Mobile No.]]>
            </line>
            <line>
              <![CDATA[Clicking on Continue Button]]>
            </line>
          </reporter-output>
        </test-method> <!-- enterDetails -->
        <test-method signature="validateUpdatedMembers()[pri:0, instance:coverFox_TestClass.TC123_CoverFox_ValidateMembersAfterUpdate@233795b6]" started-at="2024-10-14T17:48:30 IST" name="validateUpdatedMembers" finished-at="2024-10-14T17:48:36 IST" duration-ms="6378" status="FAIL">
          <exception class="java.lang.AssertionError">
            <message>
              <![CDATA[both members details matching, TC failed expected [You, Spouse] but found [You]]]>
            </message>
            <full-stacktrace>
              <![CDATA[java.lang.AssertionError: both members details matching, TC failed expected [You, Spouse] but found [You]
at org.testng.Assert.fail(Assert.java:111)
at org.testng.Assert.failNotEquals(Assert.java:1578)
at org.testng.Assert.assertEqualsImpl(Assert.java:150)
at org.testng.Assert.assertEquals(Assert.java:132)
at org.testng.Assert.assertEquals(Assert.java:656)
at coverFox_TestClass.TC123_CoverFox_ValidateMembersAfterUpdate.validateUpdatedMembers(TC123_CoverFox_ValidateMembersAfterUpdate.java:94)
at java.base/jdk.internal.reflect.NativeMethodAccessorImpl.invoke0(Native Method)
at java.base/jdk.internal.reflect.NativeMethodAccessorImpl.invoke(NativeMethodAccessorImpl.java:77)
at java.base/jdk.internal.reflect.DelegatingMethodAccessorImpl.invoke(DelegatingMethodAccessorImpl.java:43)
at java.base/java.lang.reflect.Method.invoke(Method.java:568)
at org.testng.internal.invokers.MethodInvocationHelper.invokeMethod(MethodInvocationHelper.java:141)
at org.testng.internal.invokers.TestInvoker.invokeMethod(TestInvoker.java:686)
at org.testng.internal.invokers.TestInvoker.invokeTestMethod(TestInvoker.java:230)
at org.testng.internal.invokers.MethodRunner.runInSequence(MethodRunner.java:63)
at org.testng.internal.invokers.TestInvoker$MethodInvocationAgent.invoke(TestInvoker.java:992)
at org.testng.internal.invokers.TestInvoker.invokeTestMethods(TestInvoker.java:203)
at org.testng.internal.invokers.TestMethodWorker.invokeTestMethods(TestMethodWorker.java:154)
at org.testng.internal.invokers.TestMethodWorker.run(TestMethodWorker.java:134)
at java.base/java.util.ArrayList.forEach(ArrayList.java:1511)
at org.testng.TestRunner.privateRun(TestRunner.java:739)
at org.testng.TestRunner.run(TestRunner.java:614)
at org.testng.SuiteRunner.runTest(SuiteRunner.java:421)
at org.testng.SuiteRunner.runSequentially(SuiteRunner.java:413)
at org.testng.SuiteRunner.privateRun(SuiteRunner.java:373)
at org.testng.SuiteRunner.run(SuiteRunner.java:312)
at org.testng.SuiteRunnerWorker.runSuite(SuiteRunnerWorker.java:52)
at org.testng.SuiteRunnerWorker.run(SuiteRunnerWorker.java:95)
at org.testng.TestNG.runSuitesSequentially(TestNG.java:1274)
at org.testng.TestNG.runSuitesLocally(TestNG.java:1208)
at org.testng.TestNG.runSuites(TestNG.java:1112)
at org.testng.TestNG.run(TestNG.java:1079)
at org.testng.remote.AbstractRemoteTestNG.run(AbstractRemoteTestNG.java:115)
at org.testng.remote.RemoteTestNG.initAndRun(RemoteTestNG.java:293)
at org.testng.remote.RemoteTestNG.main(RemoteTestNG.java:91)
]]>
            </full-stacktrace>
          </exception> <!-- java.lang.AssertionError -->
          <reporter-output>
            <line>
              <![CDATA[Clicking on Next button]]>
            </line>
            <line>
              <![CDATA[Clicking on Next button]]>
            </line>
            <line>
              <![CDATA[Clicking on Continue Button]]>
            </line>
          </reporter-output>
        </test-method> <!-- validateUpdatedMembers -->
        <test-method is-config="true" signature="closeApplication()[pri:0, instance:coverFox_TestClass.TC123_CoverFox_ValidateMembersAfterUpdate@233795b6]" started-at="2024-10-14T17:48:36 IST" name="closeApplication" finished-at="2024-10-14T17:48:37 IST" duration-ms="1144" status="PASS">
          <reporter-output>
            <line>
              <![CDATA[Closing appication]]>
            </line>
          </reporter-output>
        </test-method> <!-- closeApplication -->
      </class> <!-- coverFox_TestClass.TC123_CoverFox_ValidateMembersAfterUpdate -->
    </test> <!-- Default test -->
  </suite> <!-- Default suite -->
</testng-results>
